16:24:28 INFO  : Launching XSDB server: xsdb -n -interactive /proj/css/Krishna.M/dma_designs/simple_dma/simple_dma.sdk/temp_xsdb_launch_script.tcl
16:24:41 INFO  : XSDB server has started successfully.
11:27:50 INFO  : Project 'design_1_wrapper_hw_platform_0' created. You can now create BSPs and application projects targeting this hardware platform.
11:33:21 INFO  : Connected to target on host 'xhdbfarmd13' and port '3121'.
11:33:41 INFO  : Example project standalone_bsp_0_xaxidma_example_simple_poll_1 has been created successfully.
11:34:06 INFO  : Connected to target on host 'xhdbfarmd13' and port '3121'.
11:34:06 INFO  : 'targets -set -filter {jtag_cable_name =~ "Digilent JTAG-SMT1 210203345589A" && level==0} -index 1' command is executed.
11:34:08 INFO  : FPGA configured successfully with bitstream "/proj/css/Krishna.M/dma_designs/simple_dma/simple_dma.sdk/design_1_wrapper_hw_platform_0/design_1_wrapper.bit"
11:34:21 INFO  : 'targets -set -filter {jtag_cable_name =~ "Digilent JTAG-SMT1 210203345589A" && level==0} -index 1' command is executed.
11:34:21 INFO  : 'fpga -state' command is executed.
11:34:21 INFO  : Connected to target on host 'xhdbfarmd13' and port '3121'.
11:34:21 INFO  : Jtag cable 'Digilent JTAG-SMT1 210203345589A' is selected.
11:34:21 INFO  : 'jtag frequency' command is executed.
11:34:21 INFO  : Sourcing of '/proj/css/Krishna.M/dma_designs/simple_dma/simple_dma.sdk/design_1_wrapper_hw_platform_0/ps7_init.tcl' is done.
11:34:21 INFO  : 'targets -set -filter {name =~"APU" && jtag_cable_name =~ "Digilent JTAG-SMT1 210203345589A"} -index 0' command is executed.
11:34:21 INFO  : Hardware design information is loaded from '/proj/css/Krishna.M/dma_designs/simple_dma/simple_dma.sdk/design_1_wrapper_hw_platform_0/system.hdf'.
11:34:21 INFO  : 'targets -set -filter {name =~"APU" && jtag_cable_name =~ "Digilent JTAG-SMT1 210203345589A"} -index 0' command is executed.
11:34:21 INFO  : 'stop' command is executed.
11:34:22 INFO  : 'ps7_init' command is executed.
11:34:22 INFO  : 'ps7_post_config' command is executed.
11:34:22 INFO  : Context for processor 'ps7_cortexa9_0' is selected.
11:34:22 INFO  : Processor reset is completed for 'ps7_cortexa9_0'.
11:34:22 INFO  : Context for processor 'ps7_cortexa9_0' is selected.
11:34:22 INFO  : The application '/proj/css/Krishna.M/dma_designs/simple_dma/simple_dma.sdk/standalone_bsp_0_xaxidma_example_simple_poll_1/Debug/standalone_bsp_0_xaxidma_example_simple_poll_1.elf' is downloaded to processor 'ps7_cortexa9_0'.
11:34:22 INFO  : ----------------XSDB Script----------------
connect -url tcp:xhdbfarmd13:3121
source /proj/css/Krishna.M/dma_designs/simple_dma/simple_dma.sdk/design_1_wrapper_hw_platform_0/ps7_init.tcl
targets -set -filter {name =~"APU" && jtag_cable_name =~ "Digilent JTAG-SMT1 210203345589A"} -index 0
loadhw /proj/css/Krishna.M/dma_designs/simple_dma/simple_dma.sdk/design_1_wrapper_hw_platform_0/system.hdf
targets -set -filter {name =~"APU" && jtag_cable_name =~ "Digilent JTAG-SMT1 210203345589A"} -index 0
stop
ps7_init
ps7_post_config
targets -set -nocase -filter {name =~ "ARM*#0" && jtag_cable_name =~ "Digilent JTAG-SMT1 210203345589A"} -index 0
rst -processor
targets -set -nocase -filter {name =~ "ARM*#0" && jtag_cable_name =~ "Digilent JTAG-SMT1 210203345589A"} -index 0
dow /proj/css/Krishna.M/dma_designs/simple_dma/simple_dma.sdk/standalone_bsp_0_xaxidma_example_simple_poll_1/Debug/standalone_bsp_0_xaxidma_example_simple_poll_1.elf
----------------End of Script----------------

11:34:22 INFO  : Memory regions updated for context APU
11:34:23 INFO  : Context for processor 'ps7_cortexa9_0' is selected.
11:34:23 INFO  : 'con' command is executed.
11:34:23 INFO  : ----------------XSDB Script (After Launch)----------------
targets -set -nocase -filter {name =~ "ARM*#0" && jtag_cable_name =~ "Digilent JTAG-SMT1 210203345589A"} -index 0
con
----------------End of Script----------------

11:34:23 INFO  : Launch script is exported to file '/proj/css/Krishna.M/dma_designs/simple_dma/simple_dma.sdk/.sdk/launch_scripts/xilinx_c-c++_application_(system_debugger)/system_debugger_on_zc702_standalone_bsp_0_xaxidma_example_simple_poll_1.elf.tcl'
11:37:14 INFO  : Disconnected from the channel tcfchan#1.
